<?xml version="1.0" encoding="UTF-8"?>
<coverage generated="1756734885812" clover="3.2.0">
  <project timestamp="1756734885812" name="All files">
    <metrics statements="27" coveredstatements="23" conditionals="14" coveredconditionals="12" methods="2" coveredmethods="2" elements="43" coveredelements="37" complexity="0" loc="27" ncloc="27" packages="1" files="1" classes="1"/>
    <file name="main.ts" path="C:\Users\geizi\Projects\Cursos\branas\Turma011\cccat_refactoring_cpf\src\main.ts">
      <metrics statements="27" coveredstatements="23" conditionals="14" coveredconditionals="12" methods="2" coveredmethods="2"/>
      <line num="3" count="1" type="stmt"/>
      <line num="5" count="9" type="cond" truecount="3" falsecount="1"/>
      <line num="6" count="9" type="cond" truecount="3" falsecount="1"/>
      <line num="8" count="9" type="stmt"/>
      <line num="14" count="45" type="cond" truecount="2" falsecount="0"/>
      <line num="15" count="6" type="stmt"/>
      <line num="20" count="6" type="stmt"/>
      <line num="21" count="6" type="stmt"/>
      <line num="23" count="6" type="stmt"/>
      <line num="28" count="49" type="stmt"/>
      <line num="29" count="49" type="stmt"/>
      <line num="30" count="49" type="stmt"/>
      <line num="34" count="6" type="stmt"/>
      <line num="35" count="6" type="cond" truecount="2" falsecount="0"/>
      <line num="36" count="6" type="stmt"/>
      <line num="37" count="6" type="stmt"/>
      <line num="38" count="6" type="cond" truecount="2" falsecount="0"/>
      <line num="39" count="1" type="stmt"/>
      <line num="41" count="5" type="stmt"/>
      <line num="42" count="6" type="stmt"/>
      <line num="43" count="6" type="stmt"/>
      <line num="44" count="6" type="stmt"/>
      <line num="46" count="0" type="stmt"/>
      <line num="47" count="0" type="stmt"/>
      <line num="49" count="3" type="stmt"/>
      <line num="50" count="0" type="stmt"/>
      <line num="51" count="0" type="stmt"/>
    </file>
  </project>
</coverage>
