{"C:\\Users\\geizi\\Projects\\Cursos\\branas\\Turma011\\cccat_refactoring_cpf\\src\\main.ts": {"path":"C:\\Users\\geizi\\Projects\\Cursos\\branas\\Turma011\\cccat_refactoring_cpf\\src\\main.ts","statementMap":{"0":{"start":{"line":3,"column":0},"end":{"line":3,"column":16}},"1":{"start":{"line":5,"column":1},"end":{"line":51,"column":21}},"2":{"start":{"line":6,"column":2},"end":{"line":50,"column":21}},"3":{"start":{"line":8,"column":3},"end":{"line":12,"column":23}},"4":{"start":{"line":14,"column":3},"end":{"line":49,"column":null}},"5":{"start":{"line":14,"column":33},"end":{"line":14,"column":45}},"6":{"start":{"line":15,"column":4},"end":{"line":48,"column":5}},"7":{"start":{"line":20,"column":5},"end":{"line":20,"column":17}},"8":{"start":{"line":21,"column":5},"end":{"line":21,"column":26}},"9":{"start":{"line":23,"column":5},"end":{"line":32,"column":6}},"10":{"start":{"line":23,"column":23},"end":{"line":23,"column":24}},"11":{"start":{"line":28,"column":7},"end":{"line":28,"column":59}},"12":{"start":{"line":29,"column":7},"end":{"line":29,"column":42}},"13":{"start":{"line":30,"column":7},"end":{"line":30,"column":42}},"14":{"start":{"line":34,"column":5},"end":{"line":34,"column":22}},"15":{"start":{"line":35,"column":5},"end":{"line":35,"column":44}},"16":{"start":{"line":36,"column":5},"end":{"line":36,"column":19}},"17":{"start":{"line":37,"column":5},"end":{"line":37,"column":22}},"18":{"start":{"line":38,"column":5},"end":{"line":41,"column":22}},"19":{"start":{"line":39,"column":6},"end":{"line":39,"column":14}},"20":{"start":{"line":41,"column":6},"end":{"line":41,"column":22}},"21":{"start":{"line":42,"column":23},"end":{"line":42,"column":62}},"22":{"start":{"line":43,"column":5},"end":{"line":43,"column":38}},"23":{"start":{"line":44,"column":5},"end":{"line":44,"column":38}},"24":{"start":{"line":46,"column":5},"end":{"line":46,"column":31}},"25":{"start":{"line":47,"column":5},"end":{"line":47,"column":18}},"26":{"start":{"line":49,"column":10},"end":{"line":49,"column":null}},"27":{"start":{"line":50,"column":8},"end":{"line":50,"column":21}},"28":{"start":{"line":51,"column":8},"end":{"line":51,"column":21}}},"fnMap":{"0":{"name":"validate","decl":{"start":{"line":3,"column":16},"end":{"line":3,"column":24}},"loc":{"start":{"line":3,"column":37},"end":{"line":52,"column":1}}},"1":{"name":"(anonymous_1)","decl":{"start":{"line":14,"column":28},"end":{"line":14,"column":29}},"loc":{"start":{"line":14,"column":33},"end":{"line":14,"column":45}}}},"branchMap":{"0":{"loc":{"start":{"line":5,"column":1},"end":{"line":51,"column":21}},"type":"if","locations":[{"start":{"line":5,"column":1},"end":{"line":51,"column":21}},{"start":{"line":51,"column":8},"end":{"line":51,"column":21}}]},"1":{"loc":{"start":{"line":5,"column":5},"end":{"line":5,"column":38}},"type":"binary-expr","locations":[{"start":{"line":5,"column":5},"end":{"line":5,"column":17}},{"start":{"line":5,"column":21},"end":{"line":5,"column":38}}]},"2":{"loc":{"start":{"line":6,"column":2},"end":{"line":50,"column":21}},"type":"if","locations":[{"start":{"line":6,"column":2},"end":{"line":50,"column":21}},{"start":{"line":50,"column":8},"end":{"line":50,"column":21}}]},"3":{"loc":{"start":{"line":6,"column":6},"end":{"line":6,"column":42}},"type":"binary-expr","locations":[{"start":{"line":6,"column":6},"end":{"line":6,"column":22}},{"start":{"line":6,"column":26},"end":{"line":6,"column":42}}]},"4":{"loc":{"start":{"line":14,"column":3},"end":{"line":49,"column":null}},"type":"if","locations":[{"start":{"line":14,"column":3},"end":{"line":49,"column":null}},{"start":{"line":49,"column":10},"end":{"line":49,"column":null}}]},"5":{"loc":{"start":{"line":35,"column":11},"end":{"line":35,"column":43}},"type":"cond-expr","locations":[{"start":{"line":35,"column":24},"end":{"line":35,"column":31}},{"start":{"line":35,"column":34},"end":{"line":35,"column":43}}]},"6":{"loc":{"start":{"line":38,"column":5},"end":{"line":41,"column":22}},"type":"if","locations":[{"start":{"line":38,"column":5},"end":{"line":41,"column":22}},{"start":{"line":41,"column":6},"end":{"line":41,"column":22}}]}},"s":{"0":1,"1":9,"2":9,"3":9,"4":9,"5":45,"6":6,"7":6,"8":6,"9":6,"10":6,"11":49,"12":49,"13":49,"14":6,"15":6,"16":6,"17":6,"18":6,"19":1,"20":5,"21":6,"22":6,"23":6,"24":0,"25":0,"26":3,"27":0,"28":0},"f":{"0":9,"1":45},"b":{"0":[9,0],"1":[9,9],"2":[9,0],"3":[9,1],"4":[6,3],"5":[3,3],"6":[1,5]}}
}
