TN:
SF:src\main.ts
FN:3,validate
FN:14,(anonymous_1)
FNF:2
FNH:2
FNDA:9,validate
FNDA:45,(anonymous_1)
DA:3,1
DA:5,9
DA:6,9
DA:8,9
DA:14,45
DA:15,6
DA:20,6
DA:21,6
DA:23,6
DA:28,49
DA:29,49
DA:30,49
DA:34,6
DA:35,6
DA:36,6
DA:37,6
DA:38,6
DA:39,1
DA:41,5
DA:42,6
DA:43,6
DA:44,6
DA:46,0
DA:47,0
DA:49,3
DA:50,0
DA:51,0
LF:27
LH:23
BRDA:5,0,0,9
BRDA:5,0,1,0
BRDA:5,1,0,9
BRDA:5,1,1,9
BRDA:6,2,0,9
BRDA:6,2,1,0
BRDA:6,3,0,9
BRDA:6,3,1,1
BRDA:14,4,0,6
BRDA:14,4,1,3
BRDA:35,5,0,3
BRDA:35,5,1,3
BRDA:38,6,0,1
BRDA:38,6,1,5
BRF:14
BRH:12
end_of_record
